0 silly argv {
0 silly argv   _: [ 'version' ],
0 silly argv   'conventional-commits': true,
0 silly argv   conventionalCommits: true,
0 silly argv   'conventional-prerelease': true,
0 silly argv   conventionalPrerelease: true,
0 silly argv   preid: 'canary',
0 silly argv   yes: true,
0 silly argv   y: true,
0 silly argv   lernaVersion: '4.0.0',
0 silly argv   '$0': 'node_modules/lerna/cli.js'
0 silly argv }
1 notice cli v4.0.0
2 verbose rootPath /root/sdk
3 info versioning independent
4 silly isAnythingCommitted
5 verbose isAnythingCommitted 1
6 silly getCurrentBranch
7 verbose currentBranch canary
8 silly remoteBranchExists
9 silly isBehindUpstream
10 error Error: Command failed with exit code 1: git remote update
10 error fatal: unable to access 'https://github.com/sushiswap/sdk.git/': Failed to connect to github.com port 443: Network is unreachable
10 error error: Could not fetch origin
10 error Fetching origin
10 error     at makeError (/root/sdk/node_modules/execa/lib/error.js:60:11)
10 error     at Function.module.exports.sync (/root/sdk/node_modules/execa/index.js:194:17)
10 error     at Object.execSync (/root/sdk/node_modules/@lerna/child-process/index.js:39:16)
10 error     at updateRemote (/root/sdk/node_modules/@lerna/version/lib/is-behind-upstream.js:34:16)
10 error     at isBehindUpstream (/root/sdk/node_modules/@lerna/version/lib/is-behind-upstream.js:16:3)
10 error     at VersionCommand.initialize (/root/sdk/node_modules/@lerna/version/index.js:153:9)
